<?xml version="1.0" encoding="UTF-8"?>
<!-- Generated by org.testng.reporters.JUnitReportReporter -->
<testsuite hostname="DESKTOP-1NB441C" failures="0" tests="1" name="testNGPractice.NewTestAnnotation" time="0.018" errors="0" timestamp="2025-05-08T15:33:46 IST" skipped="0">
  <testcase classname="testNGPractice.NewTestAnnotation" name="f" time="0.018"/>
</testsuite> <!-- testNGPractice.NewTestAnnotation -->
