<?xml version="1.0" encoding="UTF-8"?>
<!-- Generated by org.testng.reporters.JUnitReportReporter -->
<testsuite hostname="DESKTOP-1NB441C" failures="0" tests="3" name="testNGPractice.testNGTest" time="0.014" errors="0" timestamp="2025-05-08T10:25:04 IST" skipped="0">
  <testcase classname="testNGPractice.testNGTest" name="TC1" time="0.011"/>
  <testcase classname="testNGPractice.testNGTest" name="TC2" time="0.001"/>
  <testcase classname="testNGPractice.testNGTest" name="TC3" time="0.002"/>
</testsuite> <!-- testNGPractice.testNGTest -->
