<?xml version="1.0" encoding="UTF-8"?>
<!-- Generated by org.testng.reporters.JUnitReportReporter -->
<testsuite hostname="DESKTOP-1NB441C" failures="0" tests="3" name="testNGPractice.tc02" time="0.011" errors="0" timestamp="2025-05-08T12:09:18 IST" skipped="0">
  <testcase classname="testNGPractice.tc02" name="TC3" time="0.004"/>
  <testcase classname="testNGPractice.tc02" name="TC2" time="0.002"/>
  <testcase classname="testNGPractice.tc02" name="TC1" time="0.005"/>
</testsuite> <!-- testNGPractice.tc02 -->
