<?xml version="1.0" encoding="UTF-8"?>
<!-- Generated by org.testng.reporters.JUnitReportReporter -->
<testsuite hostname="DESKTOP-1NB441C" failures="0" tests="3" name="testNGPractice.tc01" time="13.946" errors="0" timestamp="2025-05-08T12:09:18 IST" skipped="0">
  <testcase classname="testNGPractice.tc01" name="opengoogle" time="7.855"/>
  <testcase classname="testNGPractice.tc01" name="openlocalik" time="5.335"/>
  <testcase classname="testNGPractice.tc01" name="openlocalfile" time="0.756"/>
</testsuite> <!-- testNGPractice.tc01 -->
